This is pdfTeX, Version 3.141592653-2.6-1.40.29 (TeX Live 2026) (preloaded format=pdflatex 2026.3.22)  11 JUL 2026 13:09
entering extended mode
 restricted \write18 enabled.
 %&-line parsing enabled.
**main.tex
(./main.tex
LaTeX2e <2025-11-01>
L3 programming layer <2026-01-19>
(/usr/local/texlive/2026/texmf-dist/tex/latex/base/article.cls
Document Class: article 2025/01/22 v1.4n Standard LaTeX document class
(/usr/local/texlive/2026/texmf-dist/tex/latex/base/size11.clo
File: size11.clo 2025/01/22 v1.4n Standard LaTeX file (size option)
)
\c@part=\count275
\c@section=\count276
\c@subsection=\count277
\c@subsubsection=\count278
\c@paragraph=\count279
\c@subparagraph=\count280
\c@figure=\count281
\c@table=\count282
\abovecaptionskip=\skip49
\belowcaptionskip=\skip50
\bibindent=\dimen148
)
(/usr/local/texlive/2026/texmf-dist/tex/latex/geometry/geometry.sty
Package: geometry 2026/03/07 v6.0 Page Geometry

(/usr/local/texlive/2026/texmf-dist/tex/latex/graphics/keyval.sty
Package: keyval 2022/05/29 v1.15 key=value parser (DPC)
\KV@toks@=\toks17
)
(/usr/local/texlive/2026/texmf-dist/tex/generic/iftex/ifvtex.sty
Package: ifvtex 2019/10/25 v1.7 ifvtex legacy package. Use iftex instead.

(/usr/local/texlive/2026/texmf-dist/tex/generic/iftex/iftex.sty
Package: iftex 2024/12/12 v1.0g TeX engine tests
))
\Gm@cnth=\count283
\Gm@cntv=\count284
\c@Gm@tempcnt=\count285
\Gm@bindingoffset=\dimen149
\Gm@wd@mp=\dimen150
\Gm@odd@mp=\dimen151
\Gm@even@mp=\dimen152
\Gm@layoutwidth=\dimen153
\Gm@layoutheight=\dimen154
\Gm@layouthoffset=\dimen155
\Gm@layoutvoffset=\dimen156
\Gm@dimlist=\toks18
)
(/usr/local/texlive/2026/texmf-dist/tex/latex/booktabs/booktabs.sty
Package: booktabs 2020/01/12 v1.61803398 Publication quality tables
\heavyrulewidth=\dimen157
\lightrulewidth=\dimen158
\cmidrulewidth=\dimen159
\belowrulesep=\dimen160
\belowbottomsep=\dimen161
\aboverulesep=\dimen162
\abovetopsep=\dimen163
\cmidrulesep=\dimen164
\cmidrulekern=\dimen165
\defaultaddspace=\dimen166
\@cmidla=\count286
\@cmidlb=\count287
\@aboverulesep=\dimen167
\@belowrulesep=\dimen168
\@thisruleclass=\count288
\@lastruleclass=\count289
\@thisrulewidth=\dimen169
)
(/usr/local/texlive/2026/texmf-dist/tex/latex/amsmath/amsmath.sty
Package: amsmath 2025/07/09 v2.17z AMS math features
\@mathmargin=\skip51

For additional information on amsmath, use the `?' option.
(/usr/local/texlive/2026/texmf-dist/tex/latex/amsmath/amstext.sty
Package: amstext 2024/11/17 v2.01 AMS text

(/usr/local/texlive/2026/texmf-dist/tex/latex/amsmath/amsgen.sty
File: amsgen.sty 1999/11/30 v2.0 generic functions
\@emptytoks=\toks19
\ex@=\dimen170
))
(/usr/local/texlive/2026/texmf-dist/tex/latex/amsmath/amsbsy.sty
Package: amsbsy 1999/11/29 v1.2d Bold Symbols
\pmbraise@=\dimen171
)
(/usr/local/texlive/2026/texmf-dist/tex/latex/amsmath/amsopn.sty
Package: amsopn 2022/04/08 v2.04 operator names
)
\inf@bad=\count290
LaTeX Info: Redefining \frac on input line 233.
\uproot@=\count291
\leftroot@=\count292
LaTeX Info: Redefining \overline on input line 398.
LaTeX Info: Redefining \colon on input line 409.
\classnum@=\count293
\DOTSCASE@=\count294
LaTeX Info: Redefining \ldots on input line 495.
LaTeX Info: Redefining \dots on input line 498.
LaTeX Info: Redefining \cdots on input line 619.
\Mathstrutbox@=\box53
\strutbox@=\box54
LaTeX Info: Redefining \big on input line 721.
LaTeX Info: Redefining \Big on input line 722.
LaTeX Info: Redefining \bigg on input line 723.
LaTeX Info: Redefining \Bigg on input line 724.
\big@size=\dimen172
LaTeX Font Info:    Redeclaring font encoding OML on input line 742.
LaTeX Font Info:    Redeclaring font encoding OMS on input line 743.
\macc@depth=\count295
LaTeX Info: Redefining \bmod on input line 904.
LaTeX Info: Redefining \pmod on input line 909.
LaTeX Info: Redefining \smash on input line 939.
LaTeX Info: Redefining \relbar on input line 969.
LaTeX Info: Redefining \Relbar on input line 970.
\c@MaxMatrixCols=\count296
\dotsspace@=\muskip17
\c@parentequation=\count297
\dspbrk@lvl=\count298
\tag@help=\toks20
\row@=\count299
\column@=\count300
\maxfields@=\count301
\andhelp@=\toks21
\eqnshift@=\dimen173
\alignsep@=\dimen174
\tagshift@=\dimen175
\tagwidth@=\dimen176
\totwidth@=\dimen177
\lineht@=\dimen178
\@envbody=\toks22
\multlinegap=\skip52
\multlinetaggap=\skip53
\mathdisplay@stack=\toks23
LaTeX Info: Redefining \[ on input line 2950.
LaTeX Info: Redefining \] on input line 2951.
)
(/usr/local/texlive/2026/texmf-dist/tex/latex/graphics/graphicx.sty
Package: graphicx 2024/12/31 v1.2e Enhanced LaTeX Graphics (DPC,SPQR)

(/usr/local/texlive/2026/texmf-dist/tex/latex/graphics/graphics.sty
Package: graphics 2024/08/06 v1.4g Standard LaTeX Graphics (DPC,SPQR)

(/usr/local/texlive/2026/texmf-dist/tex/latex/graphics/trig.sty
Package: trig 2023/12/02 v1.11 sin cos tan (DPC)
)
(/usr/local/texlive/2026/texmf-dist/tex/latex/graphics-cfg/graphics.cfg
File: graphics.cfg 2016/06/04 v1.11 sample graphics configuration
)
Package graphics Info: Driver file: pdftex.def on input line 106.

(/usr/local/texlive/2026/texmf-dist/tex/latex/graphics-def/pdftex.def
File: pdftex.def 2025/09/29 v1.2d Graphics/color driver for pdftex
))
\Gin@req@height=\dimen179
\Gin@req@width=\dimen180
)
(/usr/local/texlive/2026/texmf-dist/tex/latex/hyperref/hyperref.sty
Package: hyperref 2026-01-29 v7.01p Hypertext links for LaTeX

(/usr/local/texlive/2026/texmf-dist/tex/latex/kvsetkeys/kvsetkeys.sty
Package: kvsetkeys 2022-10-05 v1.19 Key value parser (HO)
)
(/usr/local/texlive/2026/texmf-dist/tex/generic/kvdefinekeys/kvdefinekeys.sty
Package: kvdefinekeys 2019-12-19 v1.6 Define keys (HO)
)
(/usr/local/texlive/2026/texmf-dist/tex/generic/pdfescape/pdfescape.sty
Package: pdfescape 2019/12/09 v1.15 Implements pdfTeX's escape features (HO)

(/usr/local/texlive/2026/texmf-dist/tex/generic/ltxcmds/ltxcmds.sty
Package: ltxcmds 2023-12-04 v1.26 LaTeX kernel commands for general use (HO)
)
(/usr/local/texlive/2026/texmf-dist/tex/generic/pdftexcmds/pdftexcmds.sty
Package: pdftexcmds 2020-06-27 v0.33 Utility functions of pdfTeX for LuaTeX (HO
)

(/usr/local/texlive/2026/texmf-dist/tex/generic/infwarerr/infwarerr.sty
Package: infwarerr 2019/12/03 v1.5 Providing info/warning/error messages (HO)
)
Package pdftexcmds Info: \pdf@primitive is available.
Package pdftexcmds Info: \pdf@ifprimitive is available.
Package pdftexcmds Info: \pdfdraftmode found.
))
(/usr/local/texlive/2026/texmf-dist/tex/latex/hycolor/hycolor.sty
Package: hycolor 2020-01-27 v1.10 Color options for hyperref/bookmark (HO)
)
(/usr/local/texlive/2026/texmf-dist/tex/latex/hyperref/nameref.sty
Package: nameref 2026-01-29 v2.58 Cross-referencing by name of section

(/usr/local/texlive/2026/texmf-dist/tex/latex/refcount/refcount.sty
Package: refcount 2019/12/15 v3.6 Data extraction from label references (HO)
)
(/usr/local/texlive/2026/texmf-dist/tex/generic/gettitlestring/gettitlestring.s
ty
Package: gettitlestring 2019/12/15 v1.6 Cleanup title references (HO)
 (/usr/local/texlive/2026/texmf-dist/tex/latex/kvoptions/kvoptions.sty
Package: kvoptions 2022-06-15 v3.15 Key value format for package options (HO)
))
\c@section@level=\count302
)
(/usr/local/texlive/2026/texmf-dist/tex/latex/etoolbox/etoolbox.sty
Package: etoolbox 2025/10/02 v2.5m e-TeX tools for LaTeX (JAW)
\etb@tempcnta=\count303
)
(/usr/local/texlive/2026/texmf-dist/tex/generic/stringenc/stringenc.sty
Package: stringenc 2019/11/29 v1.12 Convert strings between diff. encodings (HO
)
)
\@linkdim=\dimen181
\Hy@linkcounter=\count304
\Hy@pagecounter=\count305

(/usr/local/texlive/2026/texmf-dist/tex/latex/hyperref/pd1enc.def
File: pd1enc.def 2026-01-29 v7.01p Hyperref: PDFDocEncoding definition (HO)
Now handling font encoding PD1 ...
... no UTF-8 mapping file for font encoding PD1
)
(/usr/local/texlive/2026/texmf-dist/tex/generic/intcalc/intcalc.sty
Package: intcalc 2019/12/15 v1.3 Expandable calculations with integers (HO)
)
\Hy@SavedSpaceFactor=\count306

(/usr/local/texlive/2026/texmf-dist/tex/latex/hyperref/puenc.def
File: puenc.def 2026-01-29 v7.01p Hyperref: PDF Unicode definition (HO)
Now handling font encoding PU ...
... no UTF-8 mapping file for font encoding PU
)
Package hyperref Info: Hyper figures OFF on input line 4201.
Package hyperref Info: Link nesting OFF on input line 4206.
Package hyperref Info: Hyper index ON on input line 4209.
Package hyperref Info: Plain pages OFF on input line 4216.
Package hyperref Info: Backreferencing OFF on input line 4221.
Package hyperref Info: Implicit mode ON; LaTeX internals redefined.
Package hyperref Info: Bookmarks ON on input line 4468.
\c@Hy@tempcnt=\count307

(/usr/local/texlive/2026/texmf-dist/tex/latex/url/url.sty
\Urlmuskip=\muskip18
Package: url 2013/09/16  ver 3.4  Verb mode for urls, etc.
)
LaTeX Info: Redefining \url on input line 4807.
\XeTeXLinkMargin=\dimen182

(/usr/local/texlive/2026/texmf-dist/tex/generic/bitset/bitset.sty
Package: bitset 2019/12/09 v1.3 Handle bit-vector datatype (HO)

(/usr/local/texlive/2026/texmf-dist/tex/generic/bigintcalc/bigintcalc.sty
Package: bigintcalc 2019/12/15 v1.5 Expandable calculations on big integers (HO
)
))
\Fld@menulength=\count308
\Field@Width=\dimen183
\Fld@charsize=\dimen184
Package hyperref Info: Hyper figures OFF on input line 6084.
Package hyperref Info: Link nesting OFF on input line 6089.
Package hyperref Info: Hyper index ON on input line 6092.
Package hyperref Info: backreferencing OFF on input line 6099.
Package hyperref Info: Link coloring OFF on input line 6104.
Package hyperref Info: Link coloring with OCG OFF on input line 6109.
Package hyperref Info: PDF/A mode OFF on input line 6114.
\Hy@abspage=\count309
\c@Item=\count310
\c@Hfootnote=\count311
)
Package hyperref Info: Driver (autodetected): hpdftex.

(/usr/local/texlive/2026/texmf-dist/tex/latex/hyperref/hpdftex.def
File: hpdftex.def 2026-01-29 v7.01p Hyperref driver for pdfTeX
\Fld@listcount=\count312
\c@bookmark@seq@number=\count313

(/usr/local/texlive/2026/texmf-dist/tex/latex/rerunfilecheck/rerunfilecheck.sty
Package: rerunfilecheck 2025-06-21 v1.11 Rerun checks for auxiliary files (HO)

(/usr/local/texlive/2026/texmf-dist/tex/generic/uniquecounter/uniquecounter.sty
Package: uniquecounter 2019/12/15 v1.4 Provide unlimited unique counter (HO)
)
Package uniquecounter Info: New unique counter `rerunfilecheck' on input line 2
84.
)
\Hy@SectionHShift=\skip54
) (/usr/local/texlive/2026/texmf-dist/tex/latex/natbib/natbib.sty
Package: natbib 2010/09/13 8.31b (PWD, AO)
\bibhang=\skip55
\bibsep=\skip56
LaTeX Info: Redefining \cite on input line 694.
\c@NAT@ctr=\count314
)
(/usr/local/texlive/2026/texmf-dist/tex/latex/l3backend/l3backend-pdftex.def
File: l3backend-pdftex.def 2025-10-09 L3 backend support: PDF output (pdfTeX)
\l__color_backend_stack_int=\count315
)
(./main.aux)
\openout1 = `main.aux'.

LaTeX Font Info:    Checking defaults for OML/cmm/m/it on input line 14.
LaTeX Font Info:    ... okay on input line 14.
LaTeX Font Info:    Checking defaults for OMS/cmsy/m/n on input line 14.
LaTeX Font Info:    ... okay on input line 14.
LaTeX Font Info:    Checking defaults for OT1/cmr/m/n on input line 14.
LaTeX Font Info:    ... okay on input line 14.
LaTeX Font Info:    Checking defaults for T1/cmr/m/n on input line 14.
LaTeX Font Info:    ... okay on input line 14.
LaTeX Font Info:    Checking defaults for TS1/cmr/m/n on input line 14.
LaTeX Font Info:    ... okay on input line 14.
LaTeX Font Info:    Checking defaults for OMX/cmex/m/n on input line 14.
LaTeX Font Info:    ... okay on input line 14.
LaTeX Font Info:    Checking defaults for U/cmr/m/n on input line 14.
LaTeX Font Info:    ... okay on input line 14.
LaTeX Font Info:    Checking defaults for PD1/pdf/m/n on input line 14.
LaTeX Font Info:    ... okay on input line 14.
LaTeX Font Info:    Checking defaults for PU/pdf/m/n on input line 14.
LaTeX Font Info:    ... okay on input line 14.

*geometry* driver: auto-detecting
*geometry* detected driver: pdftex
*geometry* verbose mode - [ preamble ] result:
* driver: pdftex
* paper: <default>
* layout: <same size as paper>
* layoutoffset:(h,v)=(0.0pt,0.0pt)
* modes: 
* h-part:(L,W,R)=(79.49744pt, 455.30013pt, 79.49744pt)
* v-part:(T,H,B)=(79.49744pt, 635.97511pt, 79.49744pt)
* \paperwidth=614.295pt
* \paperheight=794.96999pt
* \textwidth=455.30013pt
* \textheight=635.97511pt
* \oddsidemargin=7.22745pt
* \evensidemargin=7.22745pt
* \topmargin=-29.77255pt
* \headheight=12.0pt
* \headsep=25.0pt
* \topskip=11.0pt
* \footskip=30.0pt
* \marginparwidth=59.0pt
* \marginparsep=10.0pt
* \columnsep=10.0pt
* \skip\footins=10.0pt plus 4.0pt minus 2.0pt
* \hoffset=0.0pt
* \voffset=0.0pt
* \mag=1000
* \@twocolumnfalse
* \@twosidefalse
* \@mparswitchfalse
* \@reversemarginfalse
* (1in=72.27pt=25.4mm, 1cm=28.453pt)

(/usr/local/texlive/2026/texmf-dist/tex/context/base/mkii/supp-pdf.mkii
[Loading MPS to PDF converter (version 2006.09.02).]
\scratchcounter=\count316
\scratchdimen=\dimen185
\scratchbox=\box55
\nofMPsegments=\count317
\nofMParguments=\count318
\everyMPshowfont=\toks24
\MPscratchCnt=\count319
\MPscratchDim=\dimen186
\MPnumerator=\count320
\makeMPintoPDFobject=\count321
\everyMPtoPDFconversion=\toks25
) (/usr/local/texlive/2026/texmf-dist/tex/latex/epstopdf-pkg/epstopdf-base.sty
Package: epstopdf-base 2020-01-24 v2.11 Base part for package epstopdf
Package epstopdf-base Info: Redefining graphics rule for `.eps' on input line 4
85.

(/usr/local/texlive/2026/texmf-dist/tex/latex/latexconfig/epstopdf-sys.cfg
File: epstopdf-sys.cfg 2010/07/13 v1.3 Configuration of (r)epstopdf for TeX Liv
e
))
Package hyperref Info: Link coloring OFF on input line 14.

(./main.out) (./main.out)
\@outlinefile=\write3
\openout3 = `main.out'.

 (./sections/summary.tex [1

{/usr/local/texlive/2026/texmf-var/fonts/map/pdftex/updmap/pdftex.map}{/usr/loc
al/texlive/2026/texmf-dist/fonts/enc/dvips/cm-super/cm-super-ts1.enc}]) (./sect
ions/intro.tex [2] [3])
(./sections/literature.tex [4] [5]) (./sections/methodology.tex [6] [7])
(./sections/results.tex [8]
<../results/jr16/fig4_1_transition.png, id=338, 578.16pt x 325.215pt>
File: ../results/jr16/fig4_1_transition.png Graphic file (type png)
<use ../results/jr16/fig4_1_transition.png>
Package pdftex.def Info: ../results/jr16/fig4_1_transition.png  used on input l
ine 11.
(pdftex.def)             Requested size: 387.00787pt x 217.68945pt.
<../results/jr16/fig4_2_wages.png, id=341, 578.16pt x 325.215pt>
File: ../results/jr16/fig4_2_wages.png Graphic file (type png)
<use ../results/jr16/fig4_2_wages.png>
Package pdftex.def Info: ../results/jr16/fig4_2_wages.png  used on input line 2
0.
(pdftex.def)             Requested size: 387.00787pt x 217.68945pt.
<../results/jr16/fig4_3_capital.png, id=345, 578.16pt x 325.215pt>
File: ../results/jr16/fig4_3_capital.png Graphic file (type png)
<use ../results/jr16/fig4_3_capital.png>
Package pdftex.def Info: ../results/jr16/fig4_3_capital.png  used on input line
 29.
(pdftex.def)             Requested size: 387.00787pt x 217.68945pt.
 [9] [10 <../results/jr16/fig4_1_transition.png> <../results/jr16/fig4_2_wages.
png>]
<../results/jr16/fig4_4_decomposition.png, id=361, 650.43pt x 325.215pt>
File: ../results/jr16/fig4_4_decomposition.png Graphic file (type png)
<use ../results/jr16/fig4_4_decomposition.png>
Package pdftex.def Info: ../results/jr16/fig4_4_decomposition.png  used on inpu
t line 41.
(pdftex.def)             Requested size: 387.00787pt x 193.5078pt.
 [11 <../results/jr16/fig4_3_capital.png>]
<../results/jr16/fig4_5_disposable_grid.png, id=372, 722.7pt x 361.35pt>
File: ../results/jr16/fig4_5_disposable_grid.png Graphic file (type png)
<use ../results/jr16/fig4_5_disposable_grid.png>
Package pdftex.def Info: ../results/jr16/fig4_5_disposable_grid.png  used on in
put line 55.
(pdftex.def)             Requested size: 387.00787pt x 193.50505pt.

[12 <../results/jr16/fig4_4_decomposition.png> <../results/jr16/fig4_5_disposab
le_grid.png>]
<../results/jr16/fig4_6_exchequer_grid.png, id=381, 722.7pt x 361.35pt>
File: ../results/jr16/fig4_6_exchequer_grid.png Graphic file (type png)
<use ../results/jr16/fig4_6_exchequer_grid.png>
Package pdftex.def Info: ../results/jr16/fig4_6_exchequer_grid.png  used on inp
ut line 67.
(pdftex.def)             Requested size: 387.00787pt x 193.50505pt.

Overfull \hbox (23.40096pt too wide) in paragraph at lines 78--89
 [][] 
 []

[13 <../results/jr16/fig4_6_exchequer_grid.png>]
<../results/jr16/fig4_7_gini_grid.png, id=393, 722.7pt x 361.35pt>
File: ../results/jr16/fig4_7_gini_grid.png Graphic file (type png)
<use ../results/jr16/fig4_7_gini_grid.png>
Package pdftex.def Info: ../results/jr16/fig4_7_gini_grid.png  used on input li
ne 98.
(pdftex.def)             Requested size: 387.00787pt x 193.50505pt.
 [14 <../results/jr16/fig4_7_gini_grid.png>]
Overfull \hbox (117.74973pt too wide) in paragraph at lines 162--173
 [][] 
 []

) (./sections/discussion.tex [15] [16] [17]) (./sections/references.tex
[18] [19] [20]) (./sections/appendix.tex
<../results/appendix/b1_market_income_less_capital.png, id=514, 578.16pt x 303.
534pt>
File: ../results/appendix/b1_market_income_less_capital.png Graphic file (type 
png)
<use ../results/appendix/b1_market_income_less_capital.png>
Package pdftex.def Info: ../results/appendix/b1_market_income_less_capital.png 
 used on input line 56.
(pdftex.def)             Requested size: 341.47508pt x 179.27339pt.
<../results/appendix/b2_capital_income.png, id=515, 578.16pt x 303.534pt>
File: ../results/appendix/b2_capital_income.png Graphic file (type png)
<use ../results/appendix/b2_capital_income.png>
Package pdftex.def Info: ../results/appendix/b2_capital_income.png  used on inp
ut line 63.
(pdftex.def)             Requested size: 341.47508pt x 179.27339pt.
<../results/appendix/b3_benefits.png, id=516, 578.16pt x 303.534pt>
File: ../results/appendix/b3_benefits.png Graphic file (type png)
<use ../results/appendix/b3_benefits.png>
Package pdftex.def Info: ../results/appendix/b3_benefits.png  used on input lin
e 70.
(pdftex.def)             Requested size: 341.47508pt x 179.27339pt.
<../results/appendix/b4_tax_and_ni.png, id=517, 578.16pt x 303.534pt>
File: ../results/appendix/b4_tax_and_ni.png Graphic file (type png)
<use ../results/appendix/b4_tax_and_ni.png>
Package pdftex.def Info: ../results/appendix/b4_tax_and_ni.png  used on input l
ine 77.
(pdftex.def)             Requested size: 341.47508pt x 179.27339pt.
<../results/appendix/b5_disposable_income.png, id=518, 578.16pt x 303.534pt>
File: ../results/appendix/b5_disposable_income.png Graphic file (type png)
<use ../results/appendix/b5_disposable_income.png>
Package pdftex.def Info: ../results/appendix/b5_disposable_income.png  used on 
input line 84.
(pdftex.def)             Requested size: 341.47508pt x 179.27339pt.
 [21] [22 <../results/appendix/b1_market_income_less_capital.png> <../results/a
ppendix/b2_capital_income.png> <../results/appendix/b3_benefits.png>] [23 <../r
esults/appendix/b4_tax_and_ni.png> <../results/appendix/b5_disposable_income.pn
g>]
<../results/appendix/exposure_incidence_by_decile.png, id=545, 578.16pt x 303.5
34pt>
File: ../results/appendix/exposure_incidence_by_decile.png Graphic file (type p
ng)
<use ../results/appendix/exposure_incidence_by_decile.png>
Package pdftex.def Info: ../results/appendix/exposure_incidence_by_decile.png  
used on input line 101.
(pdftex.def)             Requested size: 364.24149pt x 191.22742pt.
<../results/appendix/complementarity_incidence_by_decile.png, id=546, 578.16pt 
x 303.534pt>
File: ../results/appendix/complementarity_incidence_by_decile.png Graphic file 
(type png)
<use ../results/appendix/complementarity_incidence_by_decile.png>
Package pdftex.def Info: ../results/appendix/complementarity_incidence_by_decil
e.png  used on input line 108.
(pdftex.def)             Requested size: 364.24149pt x 191.22742pt.
<../results/appendix/decomposition_ci.png, id=548, 578.16pt x 303.534pt>
File: ../results/appendix/decomposition_ci.png Graphic file (type png)
<use ../results/appendix/decomposition_ci.png>
Package pdftex.def Info: ../results/appendix/decomposition_ci.png  used on inpu
t line 124.
(pdftex.def)             Requested size: 364.24149pt x 191.22742pt.
 [24 <../results/appendix/exposure_incidence_by_decile.png> <../results/appendi
x/complementarity_incidence_by_decile.png>]
<../results/appendix/b7_uniform_vs_ai_decile.png, id=562, 578.16pt x 303.534pt>

File: ../results/appendix/b7_uniform_vs_ai_decile.png Graphic file (type png)
<use ../results/appendix/b7_uniform_vs_ai_decile.png>
Package pdftex.def Info: ../results/appendix/b7_uniform_vs_ai_decile.png  used 
on input line 141.
(pdftex.def)             Requested size: 364.24149pt x 191.22742pt.
<../results/appendix/b8_alternative_index_decile.png, id=563, 578.16pt x 303.53
4pt>
File: ../results/appendix/b8_alternative_index_decile.png Graphic file (type pn
g)
<use ../results/appendix/b8_alternative_index_decile.png>
Package pdftex.def Info: ../results/appendix/b8_alternative_index_decile.png  u
sed on input line 148.
(pdftex.def)             Requested size: 364.24149pt x 191.22742pt.
 [25 <../results/appendix/decomposition_ci.png> <../results/appendix/b7_uniform
_vs_ai_decile.png>]
<../results/appendix/b9_grid_by_decile.png, id=576, 930.8376pt x 435.0654pt>
File: ../results/appendix/b9_grid_by_decile.png Graphic file (type png)
<use ../results/appendix/b9_grid_by_decile.png>
Package pdftex.def Info: ../results/appendix/b9_grid_by_decile.png  used on inp
ut line 167.
(pdftex.def)             Requested size: 455.30013pt x 212.8055pt.
<../results/appendix/b11_grid_no_capital.png, id=577, 722.7pt x 361.35pt>
File: ../results/appendix/b11_grid_no_capital.png Graphic file (type png)
<use ../results/appendix/b11_grid_no_capital.png>
Package pdftex.def Info: ../results/appendix/b11_grid_no_capital.png  used on i
nput line 174.
(pdftex.def)             Requested size: 387.00787pt x 193.50505pt.
) [26 <../results/appendix/b8_alternative_index_decile.png>] [27 <../results/ap
pendix/b9_grid_by_decile.png> <../results/appendix/b11_grid_no_capital.png>] (.
/main.aux)
 ***********
LaTeX2e <2025-11-01>
L3 programming layer <2026-01-19>
 ***********
Package rerunfilecheck Info: File `main.out' has not changed.
(rerunfilecheck)             Checksum: 3B82AE9EFEB0A66D54E77C63F6B49673;5204.
 ) 
Here is how much of TeX's memory you used:
 10502 strings out of 467525
 164734 string characters out of 5418982
 589266 words of memory out of 5000000
 39167 multiletter control sequences out of 15000+600000
 638570 words of font info for 78 fonts, out of 8000000 for 9000
 1141 hyphenation exceptions out of 8191
 75i,10n,79p,1899b,617s stack positions out of 10000i,1000n,20000p,200000b,200000s
</usr/local/texlive/2026/texmf-dist/fonts/type1/public/amsfonts/cm/cmbx10.pfb
></usr/local/texlive/2026/texmf-dist/fonts/type1/public/amsfonts/cm/cmbx12.pfb>
</usr/local/texlive/2026/texmf-dist/fonts/type1/public/amsfonts/cm/cmex10.pfb><
/usr/local/texlive/2026/texmf-dist/fonts/type1/public/amsfonts/cm/cmmi10.pfb></
usr/local/texlive/2026/texmf-dist/fonts/type1/public/amsfonts/cm/cmmi6.pfb></us
r/local/texlive/2026/texmf-dist/fonts/type1/public/amsfonts/cm/cmmi8.pfb></usr/
local/texlive/2026/texmf-dist/fonts/type1/public/amsfonts/cm/cmr10.pfb></usr/lo
cal/texlive/2026/texmf-dist/fonts/type1/public/amsfonts/cm/cmr12.pfb></usr/loca
l/texlive/2026/texmf-dist/fonts/type1/public/amsfonts/cm/cmr17.pfb></usr/local/
texlive/2026/texmf-dist/fonts/type1/public/amsfonts/cm/cmr8.pfb></usr/local/tex
live/2026/texmf-dist/fonts/type1/public/amsfonts/cm/cmr9.pfb></usr/local/texliv
e/2026/texmf-dist/fonts/type1/public/amsfonts/cm/cmsy10.pfb></usr/local/texlive
/2026/texmf-dist/fonts/type1/public/amsfonts/cm/cmti10.pfb></usr/local/texlive/
2026/texmf-dist/fonts/type1/public/amsfonts/cm/cmti9.pfb></usr/local/texlive/20
26/texmf-dist/fonts/type1/public/amsfonts/cm/cmtt10.pfb></usr/local/texlive/202
6/texmf-dist/fonts/type1/public/amsfonts/cm/cmtt9.pfb></usr/local/texlive/2026/
texmf-dist/fonts/type1/public/cm-super/sfrm0600.pfb></usr/local/texlive/2026/te
xmf-dist/fonts/type1/public/cm-super/sfrm1000.pfb></usr/local/texlive/2026/texm
f-dist/fonts/type1/public/cm-super/sfrm1095.pfb>
Output written on main.pdf (27 pages, 1112551 bytes).
PDF statistics:
 699 PDF objects out of 1000 (max. 8388607)
 588 compressed objects within 6 object streams
 115 named destinations out of 1000 (max. 500000)
 296 words of extra memory for PDF output out of 10000 (max. 10000000)

